<?xml version="1.0" encoding="UTF-8"?>
<testng-results ignored="0" total="1" passed="1" failed="0" skipped="0">
  <reporter-output>
  </reporter-output>
  <suite started-at="2022-05-15T09:43:46 IST" name="Default suite" finished-at="2022-05-15T09:43:51 IST" duration-ms="5230">
    <groups>
    </groups>
    <test started-at="2022-05-15T09:43:46 IST" name="Default test" finished-at="2022-05-15T09:43:51 IST" duration-ms="5230">
      <class name="just.Demo.TestNGProg">
        <test-method signature="start()[pri:0, instance:just.Demo.TestNGProg@649bec2e]" started-at="2022-05-15T09:43:46 IST" name="start" finished-at="2022-05-15T09:43:51 IST" duration-ms="5162" status="PASS">
          <reporter-output>
          </reporter-output>
        </test-method> <!-- start -->
      </class> <!-- just.Demo.TestNGProg -->
    </test> <!-- Default test -->
  </suite> <!-- Default suite -->
</testng-results>
